<?xml version="1.0" encoding="UTF-8"?>
<testsuite name="com.dithok.login.LoginApplicationTests" tests="1" skipped="0" failures="0" errors="0" timestamp="2019-09-14T09:05:32" hostname="ruru101" time="0.084">
  <properties/>
  <testcase name="contextLoads" classname="com.dithok.login.LoginApplicationTests" time="0.084"/>
  <system-out><![CDATA[14:35:21.519 [Test worker] DEBUG org.springframework.test.context.junit4.SpringJUnit4ClassRunner - SpringJUnit4ClassRunner constructor called with [class com.dithok.login.LoginApplicationTests]
14:35:21.528 [Test worker] DEBUG org.springframework.test.context.BootstrapUtils - Instantiating CacheAwareContextLoaderDelegate from class [org.springframework.test.context.cache.DefaultCacheAwareContextLoaderDelegate]
14:35:21.538 [Test worker] DEBUG org.springframework.test.context.BootstrapUtils - Instantiating BootstrapContext using constructor [public org.springframework.test.context.support.DefaultBootstrapContext(java.lang.Class,org.springframework.test.context.CacheAwareContextLoaderDelegate)]
14:35:21.561 [Test worker] DEBUG org.springframework.test.context.BootstrapUtils - Instantiating TestContextBootstrapper for test class [com.dithok.login.LoginApplicationTests] from class [org.springframework.boot.test.context.SpringBootTestContextBootstrapper]
14:35:21.581 [Test worker] INFO org.springframework.boot.test.context.SpringBootTestContextBootstrapper - Neither @ContextConfiguration nor @ContextHierarchy found for test class [com.dithok.login.LoginApplicationTests], using SpringBootContextLoader
14:35:21.584 [Test worker] DEBUG org.springframework.test.context.support.AbstractContextLoader - Did not detect default resource location for test class [com.dithok.login.LoginApplicationTests]: class path resource [com/dithok/login/LoginApplicationTests-context.xml] does not exist
14:35:21.584 [Test worker] DEBUG org.springframework.test.context.support.AbstractContextLoader - Did not detect default resource location for test class [com.dithok.login.LoginApplicationTests]: class path resource [com/dithok/login/LoginApplicationTestsContext.groovy] does not exist
14:35:21.585 [Test worker] INFO org.springframework.test.context.support.AbstractContextLoader - Could not detect default resource locations for test class [com.dithok.login.LoginApplicationTests]: no resource found for suffixes {-context.xml, Context.groovy}.
14:35:21.585 [Test worker] INFO org.springframework.test.context.support.AnnotationConfigContextLoaderUtils - Could not detect default configuration classes for test class [com.dithok.login.LoginApplicationTests]: LoginApplicationTests does not declare any static, non-private, non-final, nested classes annotated with @Configuration.
14:35:21.640 [Test worker] DEBUG org.springframework.test.context.support.ActiveProfilesUtils - Could not find an 'annotation declaring class' for annotation type [org.springframework.test.context.ActiveProfiles] and class [com.dithok.login.LoginApplicationTests]
14:35:21.734 [Test worker] DEBUG org.springframework.context.annotation.ClassPathScanningCandidateComponentProvider - Identified candidate component class: file [/home/ruru/bootcamp/Spring/login/build/classes/java/main/com/dithok/login/LoginApplication.class]
14:35:21.735 [Test worker] INFO org.springframework.boot.test.context.SpringBootTestContextBootstrapper - Found @SpringBootConfiguration com.dithok.login.LoginApplication for test class com.dithok.login.LoginApplicationTests
14:35:21.891 [Test worker] DEBUG org.springframework.boot.test.context.SpringBootTestContextBootstrapper - @TestExecutionListeners is not present for class [com.dithok.login.LoginApplicationTests]: using defaults.
14:35:21.892 [Test worker] INFO org.springframework.boot.test.context.SpringBootTestContextBootstrapper - Loaded default TestExecutionListener class names from location [META-INF/spring.factories]: [org.springframework.boot.test.autoconfigure.restdocs.RestDocsTestExecutionListener, org.springframework.boot.test.autoconfigure.web.client.MockRestServiceServerResetTestExecutionListener, org.springframework.boot.test.autoconfigure.web.servlet.MockMvcPrintOnlyOnFailureTestExecutionListener, org.springframework.boot.test.autoconfigure.web.servlet.WebDriverTestExecutionListener, org.springframework.boot.test.mock.mockito.MockitoTestExecutionListener, org.springframework.boot.test.mock.mockito.ResetMocksTestExecutionListener, org.springframework.test.context.web.ServletTestExecutionListener, org.springframework.test.context.support.DirtiesContextBeforeModesTestExecutionListener, org.springframework.test.context.support.DependencyInjectionTestExecutionListener, org.springframework.test.context.support.DirtiesContextTestExecutionListener, org.springframework.test.context.transaction.TransactionalTestExecutionListener, org.springframework.test.context.jdbc.SqlScriptsTestExecutionListener]
14:35:21.931 [Test worker] INFO org.springframework.boot.test.context.SpringBootTestContextBootstrapper - Using TestExecutionListeners: [org.springframework.test.context.web.ServletTestExecutionListener@10a26678, org.springframework.test.context.support.DirtiesContextBeforeModesTestExecutionListener@4bfef906, org.springframework.boot.test.mock.mockito.MockitoTestExecutionListener@10f4f03b, org.springframework.boot.test.autoconfigure.SpringBootDependencyInjectionTestExecutionListener@62acf1ef, org.springframework.test.context.support.DirtiesContextTestExecutionListener@61beca64, org.springframework.test.context.transaction.TransactionalTestExecutionListener@5db4299c, org.springframework.test.context.jdbc.SqlScriptsTestExecutionListener@6af66f39, org.springframework.boot.test.autoconfigure.restdocs.RestDocsTestExecutionListener@6fd0d801, org.springframework.boot.test.autoconfigure.web.client.MockRestServiceServerResetTestExecutionListener@782ac275, org.springframework.boot.test.autoconfigure.web.servlet.MockMvcPrintOnlyOnFailureTestExecutionListener@4aeec25, org.springframework.boot.test.autoconfigure.web.servlet.WebDriverTestExecutionListener@5d78d42e, org.springframework.boot.test.mock.mockito.ResetMocksTestExecutionListener@34010f50]
14:35:21.935 [Test worker] DEBUG org.springframework.test.annotation.ProfileValueUtils - Retrieved @ProfileValueSourceConfiguration [null] for test class [com.dithok.login.LoginApplicationTests]
14:35:21.935 [Test worker] DEBUG org.springframework.test.annotation.ProfileValueUtils - Retrieved ProfileValueSource type [class org.springframework.test.annotation.SystemProfileValueSource] for class [com.dithok.login.LoginApplicationTests]
14:35:21.936 [Test worker] DEBUG org.springframework.test.annotation.ProfileValueUtils - Retrieved @ProfileValueSourceConfiguration [null] for test class [com.dithok.login.LoginApplicationTests]
14:35:21.936 [Test worker] DEBUG org.springframework.test.annotation.ProfileValueUtils - Retrieved ProfileValueSource type [class org.springframework.test.annotation.SystemProfileValueSource] for class [com.dithok.login.LoginApplicationTests]
14:35:21.942 [Test worker] DEBUG org.springframework.test.context.support.AbstractDirtiesContextTestExecutionListener - Before test class: context [DefaultTestContext@41b6c880 testClass = LoginApplicationTests, testInstance = [null], testMethod = [null], testException = [null], mergedContextConfiguration = [WebMergedContextConfiguration@597390ba testClass = LoginApplicationTests, locations = '{}', classes = '{class com.dithok.login.LoginApplication}', contextInitializerClasses = '[]', activeProfiles = '{}', propertySourceLocations = '{}', propertySourceProperties = '{org.springframework.boot.test.context.SpringBootTestContextBootstrapper=true}', contextCustomizers = set[org.springframework.boot.test.autoconfigure.properties.PropertyMappingContextCustomizer@0, org.springframework.boot.test.autoconfigure.web.servlet.WebDriverContextCustomizerFactory$Customizer@49059915, org.springframework.boot.test.context.filter.ExcludeFilterContextCustomizer@6e2c4db8, org.springframework.boot.test.json.DuplicateJsonObjectContextCustomizerFactory$DuplicateJsonObjectContextCustomizer@7e3e1d80, org.springframework.boot.test.mock.mockito.MockitoContextCustomizer@0, org.springframework.boot.test.web.client.TestRestTemplateContextCustomizer@576db08a], resourceBasePath = 'src/main/webapp', contextLoader = 'org.springframework.boot.test.context.SpringBootContextLoader', parent = [null]], attributes = map['org.springframework.test.context.web.ServletTestExecutionListener.activateListener' -> true]], class annotated with @DirtiesContext [false] with mode [null].
14:35:21.943 [Test worker] DEBUG org.springframework.test.annotation.ProfileValueUtils - Retrieved @ProfileValueSourceConfiguration [null] for test class [com.dithok.login.LoginApplicationTests]
14:35:21.943 [Test worker] DEBUG org.springframework.test.annotation.ProfileValueUtils - Retrieved ProfileValueSource type [class org.springframework.test.annotation.SystemProfileValueSource] for class [com.dithok.login.LoginApplicationTests]
14:35:21.965 [Test worker] DEBUG org.springframework.test.context.support.TestPropertySourceUtils - Adding inlined properties to environment: {spring.jmx.enabled=false, org.springframework.boot.test.context.SpringBootTestContextBootstrapper=true, server.port=-1}

  .   ____          _            __ _ _
 /\\ / ___'_ __ _ _(_)_ __  __ _ \ \ \ \
( ( )\___ | '_ | '_| | '_ \/ _` | \ \ \ \
 \\/  ___)| |_)| | | | | || (_| |  ) ) ) )
  '  |____| .__|_| |_|_| |_\__, | / / / /
 =========|_|==============|___/=/_/_/_/
 :: Spring Boot ::        (v2.1.7.RELEASE)

2019-09-14 14:35:22.433  INFO 29929 --- [    Test worker] com.dithok.login.LoginApplicationTests   : Starting LoginApplicationTests on ruru101 with PID 29929 (started by ruru in /home/ruru/bootcamp/Spring/login)
2019-09-14 14:35:22.436  INFO 29929 --- [    Test worker] com.dithok.login.LoginApplicationTests   : No active profile set, falling back to default profiles: default
2019-09-14 14:35:23.759  INFO 29929 --- [    Test worker] .s.d.r.c.RepositoryConfigurationDelegate : Bootstrapping Spring Data repositories in DEFAULT mode.
2019-09-14 14:35:23.878  INFO 29929 --- [    Test worker] .s.d.r.c.RepositoryConfigurationDelegate : Finished Spring Data repository scanning in 103ms. Found 1 repository interfaces.
2019-09-14 14:35:24.591  INFO 29929 --- [    Test worker] trationDelegate$BeanPostProcessorChecker : Bean 'org.springframework.transaction.annotation.ProxyTransactionManagementConfiguration' of type [org.springframework.transaction.annotation.ProxyTransactionManagementConfiguration$$EnhancerBySpringCGLIB$$bcc1b16e] is not eligible for getting processed by all BeanPostProcessors (for example: not eligible for auto-proxying)
2019-09-14 14:35:24.630  INFO 29929 --- [    Test worker] trationDelegate$BeanPostProcessorChecker : Bean 'org.springframework.hateoas.config.HateoasConfiguration' of type [org.springframework.hateoas.config.HateoasConfiguration$$EnhancerBySpringCGLIB$$3c41fea0] is not eligible for getting processed by all BeanPostProcessors (for example: not eligible for auto-proxying)
2019-09-14 14:35:24.934  INFO 29929 --- [    Test worker] com.zaxxer.hikari.HikariDataSource       : HikariPool-1 - Starting...
2019-09-14 14:35:25.792  INFO 29929 --- [    Test worker] com.zaxxer.hikari.HikariDataSource       : HikariPool-1 - Start completed.
2019-09-14 14:35:25.873  INFO 29929 --- [    Test worker] o.hibernate.jpa.internal.util.LogHelper  : HHH000204: Processing PersistenceUnitInfo [
	name: default
	...]
2019-09-14 14:35:25.952  INFO 29929 --- [    Test worker] org.hibernate.Version                    : HHH000412: Hibernate Core {5.3.10.Final}
2019-09-14 14:35:25.955  INFO 29929 --- [    Test worker] org.hibernate.cfg.Environment            : HHH000206: hibernate.properties not found
2019-09-14 14:35:26.158  INFO 29929 --- [    Test worker] o.hibernate.annotations.common.Version   : HCANN000001: Hibernate Commons Annotations {5.0.4.Final}
2019-09-14 14:35:26.361  INFO 29929 --- [    Test worker] org.hibernate.dialect.Dialect            : HHH000400: Using dialect: org.hibernate.dialect.MySQL5Dialect
2019-09-14 14:35:28.519  INFO 29929 --- [    Test worker] j.LocalContainerEntityManagerFactoryBean : Initialized JPA EntityManagerFactory for persistence unit 'default'
2019-09-14 14:35:30.456  INFO 29929 --- [    Test worker] o.s.s.web.DefaultSecurityFilterChain     : Creating filter chain: any request, [org.springframework.security.web.context.request.async.WebAsyncManagerIntegrationFilter@6d1519fe, org.springframework.security.web.context.SecurityContextPersistenceFilter@660fff87, org.springframework.security.web.header.HeaderWriterFilter@78b43e35, org.springframework.security.web.authentication.logout.LogoutFilter@357926e1, org.springframework.security.web.savedrequest.RequestCacheAwareFilter@2291a001, org.springframework.security.web.servletapi.SecurityContextHolderAwareRequestFilter@4a1a4fe8, org.springframework.security.web.authentication.AnonymousAuthenticationFilter@56b721b7, org.springframework.security.web.session.SessionManagementFilter@5d7d5e13, org.springframework.security.web.access.ExceptionTranslationFilter@21e73a93, org.springframework.security.web.access.intercept.FilterSecurityInterceptor@43ec2ba3]
2019-09-14 14:35:31.713  INFO 29929 --- [    Test worker] o.s.s.concurrent.ThreadPoolTaskExecutor  : Initializing ExecutorService 'applicationTaskExecutor'
2019-09-14 14:35:31.816  WARN 29929 --- [    Test worker] aWebConfiguration$JpaWebMvcConfiguration : spring.jpa.open-in-view is enabled by default. Therefore, database queries may be performed during view rendering. Explicitly configure spring.jpa.open-in-view to disable this warning
2019-09-14 14:35:32.500  INFO 29929 --- [    Test worker] com.dithok.login.LoginApplicationTests   : Started LoginApplicationTests in 10.526 seconds (JVM running for 12.448)
]]></system-out>
  <system-err><![CDATA[]]></system-err>
</testsuite>
